2022/03/27 11:00:52	This log contains information about the import schema operation into project 'DatabaseProject_SingleDB' on computer 'PYROMANIAC' by user 'efras'.
2022/03/27 11:00:52	Import of database schema has started.
2022/03/27 11:01:10	Gathering database credentials
2022/03/27 11:01:10	Gathering database options
2022/03/27 11:01:10	Gathering generic database scoped configuration option
2022/03/27 11:01:10	Gathering users
2022/03/27 11:01:10	Gathering roles
2022/03/27 11:01:10	Gathering application roles
2022/03/27 11:01:10	Gathering role memberships
2022/03/27 11:01:10	Gathering filegroups
2022/03/27 11:01:10	Gathering full-text catalogs
2022/03/27 11:01:10	Gathering assemblies
2022/03/27 11:01:10	Gathering certificates
2022/03/27 11:01:10	Gathering asymmetric keys
2022/03/27 11:01:10	Gathering symmetric keys
2022/03/27 11:01:10	Gathering encrypted symmetric keys
2022/03/27 11:01:10	Gathering schemas
2022/03/27 11:01:10	Gathering XML schema collections
2022/03/27 11:01:10	Gathering user-defined data types
2022/03/27 11:01:10	Gathering user-defined types
2022/03/27 11:01:10	Gathering table types
2022/03/27 11:01:10	Gathering unique keys for table types
2022/03/27 11:01:10	Gathering primary keys for table types
2022/03/27 11:01:10	Gathering indexes for table types
2022/03/27 11:01:11	Gathering check constraints for table types
2022/03/27 11:01:11	Gathering default constraints for table types
2022/03/27 11:01:11	Gathering partition functions
2022/03/27 11:01:11	Gathering partition schemes
2022/03/27 11:01:11	Gathering functions
2022/03/27 11:01:11	Gathering encrypted functions
2022/03/27 11:01:11	Gathering aggregates
2022/03/27 11:01:11	Gathering procedures
2022/03/27 11:01:11	Gathering encrypted procedures
2022/03/27 11:01:11	Gathering tables
2022/03/27 11:01:12	Gathering primary keys
2022/03/27 11:01:12	Gathering unique constraints
2022/03/27 11:01:12	Gathering foreign keys
2022/03/27 11:01:12	Gathering default constraints
2022/03/27 11:01:12	Gathering check constraints
2022/03/27 11:01:12	Gathering views
2022/03/27 11:01:12	Gathering encrypted views
2022/03/27 11:01:12	Gathering indexes
2022/03/27 11:01:13	Gathering statistics
2022/03/27 11:01:13	Gathering full-text index stoplists
2022/03/27 11:01:13	Gathering search property lists
2022/03/27 11:01:13	Gathering search properties
2022/03/27 11:01:13	Gathering full-text indexes
2022/03/27 11:01:13	Gathering column store indexes
2022/03/27 11:01:13	Gathering spatial indexes
2022/03/27 11:01:13	Gathering XML indexes
2022/03/27 11:01:13	Gathering Selective XML indexes
2022/03/27 11:01:13	Gathering encrypted triggers
2022/03/27 11:01:13	Gathering triggers
2022/03/27 11:01:13	Gathering encrypted and clr ddl triggers
2022/03/27 11:01:13	Gathering ddl triggers
2022/03/27 11:01:13	Creating edge constraints
2022/03/27 11:01:13	Gathering synonyms
2022/03/27 11:01:13	Gathering defaults
2022/03/27 11:01:13	Gathering data constraint uddt bindings
2022/03/27 11:01:13	Gathering rules
2022/03/27 11:01:13	Gathering data constraint uddt bindings
2022/03/27 11:01:13	Gathering message types
2022/03/27 11:01:13	Gathering queues
2022/03/27 11:01:13	Gathering contracts
2022/03/27 11:01:13	Gathering services
2022/03/27 11:01:13	Gathering event notifications
2022/03/27 11:01:13	Gathering remote service bindings
2022/03/27 11:01:13	Gathering broker priorities
2022/03/27 11:01:13	Gathering signatures
2022/03/27 11:01:13	Gathering data compression options
2022/03/27 11:01:13	Gathering sequence types
2022/03/27 11:01:14	Gathering security policies
2022/03/27 11:01:14	Gather column encryption keys
2022/03/27 11:01:14	Gathering column master keys
2022/03/27 11:01:14	Gathering external data sources
2022/03/27 11:01:14	Gathering external file formats
2022/03/27 11:01:14	Gathering external tables
2022/03/27 11:01:14	Gathering database permissions
2022/03/27 11:01:14	Gathering extended properties
2022/03/27 11:01:14	Gathering assemblies
2022/03/27 11:01:14	Gathering credentials
2022/03/27 11:01:14	Gathering logins
2022/03/27 11:01:14	Gathering server audits
2022/03/27 11:01:14	An exception was encountered while attempting to retrieve the default data path: ''.  As a result, absolute paths may appear in ADD FILE statements.
2022/03/27 11:01:15	Scanning project for duplicate elements
2022/03/27 11:01:15	Finished duplicate element processing
2022/03/27 11:01:17	Finished importing database.
2022/03/27 11:01:17	A summary of the import was saved to the following location: C:\Repos\PyroCICD\Cookiecutters\DatabaseProject_SingleDB\Import Schema Logs\DatabaseProject_Sing_20220327090052.log
2022/03/27 11:01:17	Click Finish to continue...
