2022/03/27 11:04:25	This log contains information about the import schema operation into project 'DatabaseProject01' on computer 'PYROMANIAC' by user 'efras'.
2022/03/27 11:04:26	Import of database schema has started.
2022/03/27 11:04:26	Gathering database credentials
2022/03/27 11:04:26	Gathering database options
2022/03/27 11:04:26	Gathering generic database scoped configuration option
2022/03/27 11:04:26	Gathering users
2022/03/27 11:04:26	Gathering roles
2022/03/27 11:04:26	Gathering application roles
2022/03/27 11:04:26	Gathering role memberships
2022/03/27 11:04:26	Gathering filegroups
2022/03/27 11:04:26	Gathering full-text catalogs
2022/03/27 11:04:26	Gathering assemblies
2022/03/27 11:04:26	Gathering certificates
2022/03/27 11:04:26	Gathering asymmetric keys
2022/03/27 11:04:26	Gathering symmetric keys
2022/03/27 11:04:26	Gathering encrypted symmetric keys
2022/03/27 11:04:26	Gathering schemas
2022/03/27 11:04:26	Gathering XML schema collections
2022/03/27 11:04:26	Gathering user-defined data types
2022/03/27 11:04:26	Gathering user-defined types
2022/03/27 11:04:26	Gathering table types
2022/03/27 11:04:26	Gathering unique keys for table types
2022/03/27 11:04:26	Gathering primary keys for table types
2022/03/27 11:04:26	Gathering indexes for table types
2022/03/27 11:04:26	Gathering check constraints for table types
2022/03/27 11:04:26	Gathering default constraints for table types
2022/03/27 11:04:26	Gathering partition functions
2022/03/27 11:04:26	Gathering partition schemes
2022/03/27 11:04:26	Gathering functions
2022/03/27 11:04:27	Gathering encrypted functions
2022/03/27 11:04:27	Gathering aggregates
2022/03/27 11:04:27	Gathering procedures
2022/03/27 11:04:27	Gathering encrypted procedures
2022/03/27 11:04:27	Gathering tables
2022/03/27 11:04:27	Gathering primary keys
2022/03/27 11:04:27	Gathering unique constraints
2022/03/27 11:04:27	Gathering foreign keys
2022/03/27 11:04:27	Gathering default constraints
2022/03/27 11:04:27	Gathering check constraints
2022/03/27 11:04:27	Gathering views
2022/03/27 11:04:27	Gathering encrypted views
2022/03/27 11:04:27	Gathering indexes
2022/03/27 11:04:27	Gathering statistics
2022/03/27 11:04:27	Gathering full-text index stoplists
2022/03/27 11:04:27	Gathering search property lists
2022/03/27 11:04:27	Gathering search properties
2022/03/27 11:04:27	Gathering full-text indexes
2022/03/27 11:04:27	Gathering column store indexes
2022/03/27 11:04:27	Gathering spatial indexes
2022/03/27 11:04:27	Gathering XML indexes
2022/03/27 11:04:27	Gathering Selective XML indexes
2022/03/27 11:04:27	Gathering encrypted triggers
2022/03/27 11:04:27	Gathering triggers
2022/03/27 11:04:27	Gathering encrypted and clr ddl triggers
2022/03/27 11:04:27	Gathering ddl triggers
2022/03/27 11:04:27	Creating edge constraints
2022/03/27 11:04:27	Gathering synonyms
2022/03/27 11:04:27	Gathering defaults
2022/03/27 11:04:27	Gathering data constraint uddt bindings
2022/03/27 11:04:27	Gathering rules
2022/03/27 11:04:27	Gathering data constraint uddt bindings
2022/03/27 11:04:27	Gathering message types
2022/03/27 11:04:27	Gathering queues
2022/03/27 11:04:27	Gathering contracts
2022/03/27 11:04:27	Gathering services
2022/03/27 11:04:27	Gathering event notifications
2022/03/27 11:04:27	Gathering remote service bindings
2022/03/27 11:04:27	Gathering broker priorities
2022/03/27 11:04:27	Gathering signatures
2022/03/27 11:04:27	Gathering data compression options
2022/03/27 11:04:27	Gathering sequence types
2022/03/27 11:04:27	Gathering security policies
2022/03/27 11:04:27	Gather column encryption keys
2022/03/27 11:04:27	Gathering column master keys
2022/03/27 11:04:27	Gathering external data sources
2022/03/27 11:04:27	Gathering external file formats
2022/03/27 11:04:27	Gathering external tables
2022/03/27 11:04:27	Gathering database permissions
2022/03/27 11:04:30	Gathering extended properties
2022/03/27 11:04:32	Gathering assemblies
2022/03/27 11:04:33	Gathering credentials
2022/03/27 11:04:33	Gathering logins
2022/03/27 11:04:33	Gathering server audits
2022/03/27 11:04:33	An exception was encountered while attempting to retrieve the default data path: ''.  As a result, absolute paths may appear in ADD FILE statements.
2022/03/27 11:04:34	Scanning project for duplicate elements
2022/03/27 11:04:35	Finished duplicate element processing
2022/03/27 11:04:36	Finished importing database.
2022/03/27 11:04:36	A summary of the import was saved to the following location: C:\Repos\PyroCICD\Cookiecutters\DatabaseSolution_SingleDB\DatabaseProject01\Import Schema Logs\DatabaseProject01_20220327090425.log
2022/03/27 11:04:36	Click Finish to continue...
