2022/04/01 01:31:19	This log contains information about the import schema operation into project 'DatabaseProject01' on computer 'PYROMANIAC' by user 'efras'.
2022/04/01 01:31:19	Import of database schema has started.
2022/04/01 01:31:35	Gathering database credentials
2022/04/01 01:31:35	Gathering database options
2022/04/01 01:31:35	Gathering generic database scoped configuration option
2022/04/01 01:31:35	Gathering users
2022/04/01 01:31:35	Gathering roles
2022/04/01 01:31:35	Gathering application roles
2022/04/01 01:31:35	Gathering role memberships
2022/04/01 01:31:35	Gathering filegroups
2022/04/01 01:31:35	Gathering full-text catalogs
2022/04/01 01:31:35	Gathering assemblies
2022/04/01 01:31:35	Gathering certificates
2022/04/01 01:31:35	Gathering asymmetric keys
2022/04/01 01:31:35	Gathering symmetric keys
2022/04/01 01:31:35	Gathering encrypted symmetric keys
2022/04/01 01:31:35	Gathering schemas
2022/04/01 01:31:35	Gathering XML schema collections
2022/04/01 01:31:35	Gathering user-defined data types
2022/04/01 01:31:35	Gathering user-defined types
2022/04/01 01:31:35	Gathering table types
2022/04/01 01:31:35	Gathering unique keys for table types
2022/04/01 01:31:35	Gathering primary keys for table types
2022/04/01 01:31:35	Gathering indexes for table types
2022/04/01 01:31:35	Gathering check constraints for table types
2022/04/01 01:31:35	Gathering default constraints for table types
2022/04/01 01:31:35	Gathering partition functions
2022/04/01 01:31:35	Gathering partition schemes
2022/04/01 01:31:35	Gathering functions
2022/04/01 01:31:36	Gathering encrypted functions
2022/04/01 01:31:36	Gathering aggregates
2022/04/01 01:31:36	Gathering procedures
2022/04/01 01:31:36	Gathering encrypted procedures
2022/04/01 01:31:36	Gathering tables
2022/04/01 01:31:36	Gathering primary keys
2022/04/01 01:31:36	Gathering unique constraints
2022/04/01 01:31:36	Gathering foreign keys
2022/04/01 01:31:36	Gathering default constraints
2022/04/01 01:31:36	Gathering check constraints
2022/04/01 01:31:36	Gathering views
2022/04/01 01:31:36	Gathering encrypted views
2022/04/01 01:31:36	Gathering indexes
2022/04/01 01:31:36	Gathering statistics
2022/04/01 01:31:36	Gathering full-text index stoplists
2022/04/01 01:31:36	Gathering search property lists
2022/04/01 01:31:36	Gathering search properties
2022/04/01 01:31:36	Gathering full-text indexes
2022/04/01 01:31:36	Gathering column store indexes
2022/04/01 01:31:36	Gathering spatial indexes
2022/04/01 01:31:36	Gathering XML indexes
2022/04/01 01:31:36	Gathering Selective XML indexes
2022/04/01 01:31:36	Gathering encrypted triggers
2022/04/01 01:31:36	Gathering triggers
2022/04/01 01:31:36	Gathering encrypted and clr ddl triggers
2022/04/01 01:31:36	Gathering ddl triggers
2022/04/01 01:31:36	Creating edge constraints
2022/04/01 01:31:36	Gathering synonyms
2022/04/01 01:31:36	Gathering defaults
2022/04/01 01:31:36	Gathering data constraint uddt bindings
2022/04/01 01:31:36	Gathering rules
2022/04/01 01:31:36	Gathering data constraint uddt bindings
2022/04/01 01:31:36	Gathering message types
2022/04/01 01:31:36	Gathering queues
2022/04/01 01:31:36	Gathering contracts
2022/04/01 01:31:36	Gathering services
2022/04/01 01:31:36	Gathering event notifications
2022/04/01 01:31:36	Gathering remote service bindings
2022/04/01 01:31:36	Gathering broker priorities
2022/04/01 01:31:36	Gathering signatures
2022/04/01 01:31:37	Gathering data compression options
2022/04/01 01:31:37	Gathering sequence types
2022/04/01 01:31:37	Gathering security policies
2022/04/01 01:31:37	Gather column encryption keys
2022/04/01 01:31:37	Gathering column master keys
2022/04/01 01:31:37	Gathering external data sources
2022/04/01 01:31:37	Gathering external file formats
2022/04/01 01:31:37	Gathering external tables
2022/04/01 01:31:37	Gathering database permissions
2022/04/01 01:31:37	Gathering extended properties
2022/04/01 01:31:37	Gathering assemblies
2022/04/01 01:31:37	Gathering credentials
2022/04/01 01:31:37	Gathering logins
2022/04/01 01:31:37	Gathering server audits
2022/04/01 01:31:37	An exception was encountered while attempting to retrieve the default data path: ''.  As a result, absolute paths may appear in ADD FILE statements.
2022/04/01 01:31:41	Scanning project for duplicate elements
2022/04/01 01:31:41	Finished duplicate element processing
2022/04/01 01:31:43	Finished importing database.
2022/04/01 01:31:43	A summary of the import was saved to the following location: C:\Repos\PyroCICD\Cookiecutters\DatabaseSolution_SingleDB\DatabaseProject01\Import Schema Logs\DatabaseProject01_20220331113119.log
2022/04/01 01:31:43	Click Finish to continue...
